{
  "RSpec": {
    "coverage": {
      "/Users/devlin/Desktop/turing_work/3mod/music_festival_be/app/models/schedule.rb": {
        "lines": [
          1,
          1,
          1,
          null,
          1,
          1,
          null
        ]
      },
      "/Users/devlin/Desktop/turing_work/3mod/music_festival_be/app/models/application_record.rb": {
        "lines": [
          1,
          1,
          null
        ]
      },
      "/Users/devlin/Desktop/turing_work/3mod/music_festival_be/spec/models/show_spec.rb": {
        "lines": [
          1,
          null,
          1,
          2,
          2,
          2,
          2,
          2,
          2,
          null,
          null
        ]
      },
      "/Users/devlin/Desktop/turing_work/3mod/music_festival_be/app/models/show.rb": {
        "lines": [
          1,
          1,
          1,
          1,
          1,
          1,
          null,
          1,
          null
        ]
      },
      "/Users/devlin/Desktop/turing_work/3mod/music_festival_be/spec/models/user_spec.rb": {
        "lines": [
          1,
          null,
          1,
          2,
          2,
          2,
          2,
          2,
          null
        ]
      },
      "/Users/devlin/Desktop/turing_work/3mod/music_festival_be/app/models/user.rb": {
        "lines": [
          1,
          1,
          1,
          1,
          null,
          1,
          1,
          null,
          null
        ]
      },
      "/Users/devlin/Desktop/turing_work/3mod/music_festival_be/spec/requests/api/v1/schedules_request_spec.rb": {
        "lines": [
          1,
          null,
          1,
          1,
          10,
          10,
          null,
          null,
          null,
          null,
          10,
          null,
          null,
          null,
          null,
          10,
          null,
          null,
          null,
          null,
          null,
          null,
          10,
          null,
          null,
          null,
          null,
          null,
          null,
          10,
          null,
          null,
          null,
          null,
          null,
          null,
          null,
          10,
          null,
          null,
          null,
          null,
          10,
          null,
          null,
          null,
          null,
          10,
          10,
          null,
          null,
          1,
          1,
          1,
          null,
          1,
          null,
          null,
          1,
          1,
          1,
          1,
          1,
          1,
          1,
          1,
          1,
          1,
          1,
          null,
          null,
          null,
          1,
          1,
          1,
          null,
          1,
          null,
          1,
          1,
          1,
          1,
          1,
          1,
          1,
          1,
          1,
          1,
          1,
          1,
          null,
          null,
          1,
          1,
          null,
          1,
          null,
          1,
          1,
          1,
          null,
          null,
          1,
          1,
          null,
          1,
          null,
          1,
          1,
          1,
          null,
          null,
          1,
          1,
          null,
          1,
          null,
          1,
          1,
          1,
          null,
          null,
          1,
          1,
          null,
          1,
          null,
          1,
          1,
          1,
          null,
          null,
          1,
          1,
          null,
          1,
          null,
          1,
          1,
          null,
          null,
          null,
          1,
          1,
          1,
          null,
          1,
          null,
          1,
          1,
          1,
          1,
          null,
          null,
          1,
          1,
          null,
          1,
          null,
          1,
          null,
          1,
          1,
          null,
          null,
          null,
          1,
          1,
          null,
          1,
          null,
          1,
          1,
          1,
          null,
          null,
          null
        ]
      },
      "/Users/devlin/Desktop/turing_work/3mod/music_festival_be/config/routes.rb": {
        "lines": [
          1,
          null,
          null,
          null,
          null,
          1,
          null,
          null,
          null,
          null,
          1,
          null,
          1,
          1,
          1,
          1,
          null,
          null,
          null,
          null
        ]
      },
      "/Users/devlin/Desktop/turing_work/3mod/music_festival_be/app/controllers/api/v1/schedules_controller.rb": {
        "lines": [
          1,
          null,
          1,
          1,
          null,
          1,
          6,
          null,
          5,
          null,
          5,
          2,
          2,
          3,
          2,
          2,
          null,
          null,
          5,
          null,
          null,
          1,
          3,
          2,
          null,
          1,
          null,
          1,
          null,
          null
        ]
      },
      "/Users/devlin/Desktop/turing_work/3mod/music_festival_be/app/controllers/application_controller.rb": {
        "lines": [
          1,
          1,
          3,
          3,
          null,
          null,
          null,
          null,
          null,
          null
        ]
      },
      "/Users/devlin/Desktop/turing_work/3mod/music_festival_be/app/serializers/schedule_serializer.rb": {
        "lines": [
          1,
          null,
          1,
          null,
          7,
          null,
          7,
          null,
          13,
          null,
          null,
          null,
          null,
          null,
          13,
          null,
          37,
          null,
          null,
          null,
          null,
          null,
          null,
          null,
          null,
          null,
          null,
          null,
          null
        ]
      },
      "/Users/devlin/Desktop/turing_work/3mod/music_festival_be/app/serializers/error_serializer.rb": {
        "lines": [
          1,
          null,
          null,
          null,
          null,
          null,
          null,
          null,
          1,
          null,
          3,
          null,
          null,
          null,
          null
        ]
      }
    },
    "timestamp": 1737607224
  }
}
