{
  "RSpec": {
    "coverage": {
      "/Users/devlin/Desktop/turing_work/3mod/music_festival_be/app/models/schedule.rb": {
        "lines": [
          1,
          1,
          1,
          null,
          1,
          1,
          null
        ]
      },
      "/Users/devlin/Desktop/turing_work/3mod/music_festival_be/app/models/application_record.rb": {
        "lines": [
          1,
          1,
          null
        ]
      },
      "/Users/devlin/Desktop/turing_work/3mod/music_festival_be/spec/models/show_spec.rb": {
        "lines": [
          1,
          null,
          1,
          2,
          2,
          2,
          2,
          2,
          2,
          null,
          null
        ]
      },
      "/Users/devlin/Desktop/turing_work/3mod/music_festival_be/app/models/show.rb": {
        "lines": [
          1,
          1,
          1,
          1,
          1,
          1,
          null,
          1,
          null
        ]
      },
      "/Users/devlin/Desktop/turing_work/3mod/music_festival_be/spec/models/user_spec.rb": {
        "lines": [
          1,
          null,
          1,
          2,
          2,
          2,
          2,
          2,
          null
        ]
      },
      "/Users/devlin/Desktop/turing_work/3mod/music_festival_be/app/models/user.rb": {
        "lines": [
          1,
          1,
          1,
          1,
          null,
          1,
          1,
          null,
          null
        ]
      }
    },
    "timestamp": 1737644376
  }
}
